['group36-proj4-config', 'yelp-imdb-multi-class-v2']

2019-04-16 23:09:07,198 - Project4Group36 - INFO - 









program begins. 
svmem(total=16831684608, available=15630655488, percent=7.1, used=857284608, free=14272815104, active=1407807488, inactive=947621888, buffers=109527040, cached=1592057856, shared=44773376, slab=108457984)

memory % used before load dataset: 7.1
../input/yelp-imdb-multi-class-v2/datasets/datasets/JMARS_10_label_imdb_dataset/data/data.json

svmem(total=16831684608, available=15312318464, percent=9.0, used=1175371776, free=13684338688, active=1717010432, inactive=1217462272, buffers=109535232, cached=1862438912, shared=44773376, slab=108732416)
memory % used after load dataset: 9.0

Number of reviews : 135669
this is a martin scorsese epic   and it certainly ha that epic feel   i  m not sure how accurate it is historically   or if thing really looked the way they do in the movie   i still liked the look of it   to me   it seems a lot of work went into the whole production and it show   daniel day lewis is astonishing   nothing new for him     leonardo dicaprio wa also good   cameron diaz wa not bad   but she did n t really impress me all that much   her character wa n t a substantial a it could have been   like in many movie   there  s a good supporting cast   the movie is brutally violent   which is probably an accurate depiction of that time   it is over two and a half hour long   but it doe n t feel like it   i found myself becoming very quickly and easily involved in the story   a sign of a good movie   i would n t call it a masterpiece   but it is a very good movie   for me   gang of new york is an 8 10
[4, 4, 2, 1, 6, 3, 4, 5, 7, 5, 0, 3, 8, 5, 6]

svmem(total=16831684608, available=14758961152, percent=12.3, used=1728757760, free=13130792960, active=2271309824, inactive=1217576960, buffers=109584384, cached=1862549504, shared=44773376, slab=107917312)

memory % used after 1st stage cleanup: 12.3

len_words =  47729972
len_counted_words =  146678

svmem(total=16831684608, available=11804463104, percent=29.9, used=4683284480, free=10176274432, active=5220052992, inactive=1217601536, buffers=109613056, cached=1862512640, shared=44773376, slab=107507712)
memory % used after Counter: 29.9

svmem(total=16831684608, available=12540993536, percent=25.5, used=3946745856, free=10912768000, active=4484984832, inactive=1217638400, buffers=109613056, cached=1862557696, shared=44773376, slab=107380736)

memory % used after 2nd stage cleanup: 25.5
i_max_pick_size =  500

len of set_sorted_word =  500

[[7, 6, 33, 1, 232, 11, 79, 25, 488, 1, 232, 3, 338, 9, 6, 182, 11, 98, 386, 1, 16, 40, 23, 232, 80, 16, 38, 61, 6, 30, 16, 5, 1, 412, 14, 11, 38, 7, 136, 71, 1, 166, 27, 6, 1, 4, 1, 1, 3, 1, 61, 6, 3, 36, 2, 336, 482, 7, 1, 6, 12, 109, 7, 79, 2, 233, 7, 6, 25, 113, 3, 7, 6, 25, 51, 7, 24, 1, 399, 59, 200, 484, 1, 83, 7, 58, 25, 65, 1, 219, 4, 1, 47, 114, 28, 7, 158, 34, 29, 25, 488, 1, 232, 38, 85, 68, 165, 5, 107, 3, 152, 12, 16, 17, 459, 7, 79, 63, 85, 2, 124, 14, 25, 196, 7, 58, 29, 7, 51, 3, 113, 193, 1, 140, 5, 1, 4, 1, 16, 1, 138, 23, 25, 100, 113, 1, 276, 172, 23, 51, 17, 2, 16, 42, 11, 49, 22, 21, 38, 7, 6, 9, 7, 6, 184, 446, 7, 46, 5, 1, 193, 3, 9, 6, 7, 31, 1, 48, 26, 73, 7, 6, 143, 5, 121, 38, 9, 15, 52, 446, 102, 1, 47, 6, 38, 115, 16, 419, 3, 134, 1, 206, 201, 3, 31, 52, 446, 102, 9, 6, 50, 7, 162, 381, 162, 41, 230, 5, 170, 278, 354, 7, 63, 2, 16, 5, 152, 8, 48, 45, 1, 7, 6, 307, 17, 271, 14, 37, 98, 69, 7, 7, 206, 201, 14, 7, 6, 446, 354, 11, 98, 111, 6, 136, 71, 12, 403, 26, 49, 22, 21, 38, 7, 45, 38, 7, 7, 58, 25, 439, 7, 6, 170, 8, 12, 379, 11, 245, 22, 21, 131, 224, 7, 6, 46], [169, 204, 4, 1, 2, 421, 3, 18, 32, 91, 23, 291, 5, 49, 1, 154, 92, 3, 11, 69, 285, 26, 150, 57, 23, 25, 390, 119, 43, 4, 127, 326, 1, 27, 23, 4, 61, 55, 3, 33, 371, 75, 1, 18, 203, 51, 31, 1, 154, 104, 34, 79, 4, 1, 14, 114, 57, 67, 5, 1, 113, 27, 146, 61, 11, 98, 351, 6, 1, 16, 11, 29, 169, 139, 150, 259, 185, 15, 1, 1, 307, 6, 3, 11, 69, 285, 26, 7, 6, 2, 137, 136, 71, 202, 7, 98, 6, 25, 54, 51, 1, 140, 1, 16, 3, 114, 9, 20, 16, 18, 100, 446, 41, 19, 86, 2, 60, 293, 4, 46, 239, 44, 17, 76, 294, 3, 46, 128, 11, 29, 25, 488, 1, 232, 14, 33, 42, 11, 29, 470, 7, 6, 22, 21, 75, 64, 354, 7, 18, 2, 259, 14, 98, 25, 356, 235], [11, 157, 25, 488, 1, 498, 12, 16, 18, 349, 24, 14, 49, 400, 16, 3, 220, 7, 230, 14, 89, 235, 7, 30, 270, 353, 73, 15, 20, 209, 8, 2, 441, 8, 24, 20, 9, 19, 10, 1, 17, 2, 499, 4, 163, 27, 34, 342, 17, 1, 19, 10, 254, 174, 5, 145, 87, 164, 1, 34, 342, 17, 1, 307, 125, 5, 401, 2, 11, 264, 11, 157, 25, 488, 1, 498, 14, 235, 1, 16, 92, 5, 302, 40, 23, 4, 1, 16, 329, 152, 3, 174, 152, 91, 16, 80, 1, 1, 282, 6, 32, 123, 1, 237, 148, 408, 12, 6, 5, 52, 2, 1, 16, 206, 8, 144, 3, 1, 140, 245, 22, 21, 222, 20, 430, 32, 1, 48, 3, 15, 52, 7, 10, 231, 2, 59, 19, 10, 291, 5, 28, 26, 70, 67, 1, 320, 9, 339, 1, 10, 1, 16, 79, 22, 21, 29, 1, 7, 65, 40, 23, 2, 417, 4, 41, 8, 1, 14, 37, 23, 100, 5, 106, 1, 156, 6, 22, 21, 100, 113, 15, 276, 143, 5, 2, 27, 4, 1, 27, 14, 259, 2, 37, 258, 37, 245, 22, 21, 1, 16, 2, 1, 81, 4, 2, 4, 16, 43, 1, 423, 105, 3, 1, 11, 469, 12, 6, 25, 2, 4, 92, 5, 125]]

2019-04-16 23:09:47,179 - Project4Group36 - INFO - after data pre-process. 

svmem(total=16831684608, available=12242370560, percent=27.3, used=4245377024, free=10613891072, active=4784054272, inactive=1217843200, buffers=109662208, cached=1862754304, shared=44773376, slab=107085824)
memory % used after data pre-process: 27.3

svmem(total=16831684608, available=14644097024, percent=13.0, used=1843654656, free=13015588864, active=2386489344, inactive=1217867776, buffers=109662208, cached=1862778880, shared=44773376, slab=107102208)
memory % used after 3rd stage cleanup: 13.0

svmem(total=16831684608, available=13557460992, percent=19.5, used=2930294784, free=11928911872, active=3472334848, inactive=1217896448, buffers=109678592, cached=1862799360, shared=44773376, slab=106913792)

memory % used after data prepare: 19.5

svmem(total=16831684608, available=13624410112, percent=19.1, used=2863341568, free=11995860992, active=3404886016, inactive=1217896448, buffers=109678592, cached=1862803456, shared=44773376, slab=106917888)
memory % used before create tensors: 19.1
108535
108535

torch.Size([108535, 1000])
torch.Size([27134, 1000])
torch.Size([108535])
torch.Size([27134])

svmem(total=16831684608, available=12537634816, percent=25.5, used=3950010368, free=10903764992, active=4490240000, inactive=1223213056, buffers=109678592, cached=1868230656, shared=44773376, slab=106934272)
memory % used after create tensors: 25.5

svmem(total=16831684608, available=13624487936, percent=19.1, used=2863235072, free=11990552576, active=3404910592, inactive=1223274496, buffers=109678592, cached=1868218368, shared=44773376, slab=106958848)
memory % used after 5th stage cleanup: 19.1

/opt/conda/lib/python3.6/site-packages/torch/nn/_reduction.py:49: UserWarning: size_average and reduce args will be deprecated, please use reduction='sum' instead.
  warnings.warn(warning.format(ret))

SentimentLSTM(
  (embedding): Embedding(501, 400)
  (lstm): LSTM(400, 256, num_layers=2, batch_first=True, dropout=0.5)
  (dropout): Dropout(p=0.3)
  (fc): Linear(in_features=256, out_features=10, bias=True)
)

2019-04-16 23:10:12,864 - Project4Group36 - INFO - start training. 

2019-04-16 23:10:13,858 - Project4Group36 - INFO - i = 0 

Epoch [1/30], Step 1, Loss: 16728.937500

2019-04-16 23:11:39,948 - Project4Group36 - INFO - i = 100 

Epoch [1/30], Step 101, Loss: 1989.505493

2019-04-16 23:13:06,081 - Project4Group36 - INFO - i = 200 

Epoch [1/30], Step 201, Loss: 2256.020996

2019-04-16 23:14:06,592 - Project4Group36 - INFO - validating aftre epoch 0: 

test accuracy: 0.171335 Total right:  4649.0 | Total:  27134

2019-04-16 23:14:24,190 - Project4Group36 - INFO - i = 0 

Epoch [2/30], Step 1, Loss: 1877.472778

2019-04-16 23:15:50,183 - Project4Group36 - INFO - i = 100 

Epoch [2/30], Step 101, Loss: 2064.773682

2019-04-16 23:17:16,572 - Project4Group36 - INFO - i = 200 

Epoch [2/30], Step 201, Loss: 2029.391968

2019-04-16 23:18:17,174 - Project4Group36 - INFO - validating aftre epoch 1: 

test accuracy: 0.156999 Total right:  4260.0 | Total:  27134

2019-04-16 23:18:34,773 - Project4Group36 - INFO - i = 0 

Epoch [3/30], Step 1, Loss: 2105.437988

2019-04-16 23:20:00,852 - Project4Group36 - INFO - i = 100 

Epoch [3/30], Step 101, Loss: 2021.743774

2019-04-16 23:21:27,225 - Project4Group36 - INFO - i = 200 

Epoch [3/30], Step 201, Loss: 1918.218140

2019-04-16 23:22:27,584 - Project4Group36 - INFO - validating aftre epoch 2: 

test accuracy: 0.171814 Total right:  4662.0 | Total:  27134

2019-04-16 23:22:45,115 - Project4Group36 - INFO - i = 0 

Epoch [4/30], Step 1, Loss: 2021.288818

2019-04-16 23:24:10,647 - Project4Group36 - INFO - i = 100 

Epoch [4/30], Step 101, Loss: 2168.281738

2019-04-16 23:25:36,327 - Project4Group36 - INFO - i = 200 
Epoch [4/30], Step 201, Loss: 2201.064209

2019-04-16 23:26:36,806 - Project4Group36 - INFO - validating aftre epoch 3: 

test accuracy: 0.170377 Total right:  4623.0 | Total:  27134

2019-04-16 23:26:54,440 - Project4Group36 - INFO - i = 0 

Epoch [5/30], Step 1, Loss: 2328.436523

2019-04-16 23:28:20,126 - Project4Group36 - INFO - i = 100 

Epoch [5/30], Step 101, Loss: 2156.244629

2019-04-16 23:29:45,818 - Project4Group36 - INFO - i = 200 

Epoch [5/30], Step 201, Loss: 1958.457642

2019-04-16 23:30:46,532 - Project4Group36 - INFO - validating aftre epoch 4: 

test accuracy: 0.155746 Total right:  4226.0 | Total:  27134

2019-04-16 23:31:04,155 - Project4Group36 - INFO - i = 0 

Epoch [6/30], Step 1, Loss: 2099.799805

2019-04-16 23:32:30,151 - Project4Group36 - INFO - i = 100 

Epoch [6/30], Step 101, Loss: 2032.036377

2019-04-16 23:33:55,745 - Project4Group36 - INFO - i = 200 

Epoch [6/30], Step 201, Loss: 2297.489258

2019-04-16 23:34:56,149 - Project4Group36 - INFO - validating aftre epoch 5: 

test accuracy: 0.171851 Total right:  4663.0 | Total:  27134

2019-04-16 23:35:13,801 - Project4Group36 - INFO - i = 0 

Epoch [7/30], Step 1, Loss: 2188.290039

2019-04-16 23:36:39,426 - Project4Group36 - INFO - i = 100 

Epoch [7/30], Step 101, Loss: 2096.009033

2019-04-16 23:38:05,332 - Project4Group36 - INFO - i = 200 
Epoch [7/30], Step 201, Loss: 2076.584473

2019-04-16 23:39:05,591 - Project4Group36 - INFO - validating aftre epoch 6: 

test accuracy: 0.176900 Total right:  4800.0 | Total:  27134

2019-04-16 23:39:23,243 - Project4Group36 - INFO - i = 0 

Epoch [8/30], Step 1, Loss: 2232.931641

2019-04-16 23:40:49,625 - Project4Group36 - INFO - i = 100 

Epoch [8/30], Step 101, Loss: 2022.252197

2019-04-16 23:42:16,040 - Project4Group36 - INFO - i = 200 

Epoch [8/30], Step 201, Loss: 2189.642578

2019-04-16 23:43:16,701 - Project4Group36 - INFO - validating aftre epoch 7: 

test accuracy: 0.157625 Total right:  4277.0 | Total:  27134

2019-04-16 23:43:34,354 - Project4Group36 - INFO - i = 0 

Epoch [9/30], Step 1, Loss: 1887.292114

2019-04-16 23:45:00,681 - Project4Group36 - INFO - i = 100 

Epoch [9/30], Step 101, Loss: 1994.227539

2019-04-16 23:46:27,121 - Project4Group36 - INFO - i = 200 

Epoch [9/30], Step 201, Loss: 2208.229492

2019-04-16 23:47:27,971 - Project4Group36 - INFO - validating aftre epoch 8: 

test accuracy: 0.171740 Total right:  4660.0 | Total:  27134

2019-04-16 23:47:45,635 - Project4Group36 - INFO - i = 0 

Epoch [10/30], Step 1, Loss: 2097.080566

2019-04-16 23:49:11,614 - Project4Group36 - INFO - i = 100 

Epoch [10/30], Step 101, Loss: 2419.916016

2019-04-16 23:50:37,909 - Project4Group36 - INFO - i = 200 

Epoch [10/30], Step 201, Loss: 1972.232422

2019-04-16 23:51:38,684 - Project4Group36 - INFO - validating aftre epoch 9: 

test accuracy: 0.151028 Total right:  4098.0 | Total:  27134

2019-04-16 23:51:56,348 - Project4Group36 - INFO - i = 0 
Epoch [11/30], Step 1, Loss: 1931.811279

2019-04-16 23:53:22,097 - Project4Group36 - INFO - i = 100 

Epoch [11/30], Step 101, Loss: 2061.931152

2019-04-16 23:54:47,928 - Project4Group36 - INFO - i = 200 

Epoch [11/30], Step 201, Loss: 2107.397461

2019-04-16 23:55:48,567 - Project4Group36 - INFO - validating aftre epoch 10: 

test accuracy: 0.157957 Total right:  4286.0 | Total:  27134

2019-04-16 23:56:06,235 - Project4Group36 - INFO - i = 0 

Epoch [12/30], Step 1, Loss: 2352.779785

2019-04-16 23:57:31,832 - Project4Group36 - INFO - i = 100 

Epoch [12/30], Step 101, Loss: 1964.425415

2019-04-16 23:58:57,545 - Project4Group36 - INFO - i = 200 

Epoch [12/30], Step 201, Loss: 2154.896240

2019-04-16 23:59:58,095 - Project4Group36 - INFO - validating aftre epoch 11: 

test accuracy: 0.155451 Total right:  4218.0 | Total:  27134

2019-04-17 00:00:16,056 - Project4Group36 - INFO - i = 0 

Epoch [13/30], Step 1, Loss: 2107.776367

2019-04-17 00:01:43,050 - Project4Group36 - INFO - i = 100 

Epoch [13/30], Step 101, Loss: 1864.163452

2019-04-17 00:03:09,951 - Project4Group36 - INFO - i = 200 

Epoch [13/30], Step 201, Loss: 1997.675049

2019-04-17 00:04:11,419 - Project4Group36 - INFO - validating aftre epoch 12: 

test accuracy: 0.182465 Total right:  4951.0 | Total:  27134

2019-04-17 00:04:29,491 - Project4Group36 - INFO - i = 0 

Epoch [14/30], Step 1, Loss: 2260.935547

2019-04-17 00:05:56,717 - Project4Group36 - INFO - i = 100 

Epoch [14/30], Step 101, Loss: 2107.021484

2019-04-17 00:07:23,631 - Project4Group36 - INFO - i = 200 

Epoch [14/30], Step 201, Loss: 2194.514648

2019-04-17 00:08:25,167 - Project4Group36 - INFO - validating aftre epoch 13: 

test accuracy: 0.155230 Total right:  4212.0 | Total:  27134

2019-04-17 00:08:43,273 - Project4Group36 - INFO - i = 0 

Epoch [15/30], Step 1, Loss: 1842.881714

2019-04-17 00:10:10,739 - Project4Group36 - INFO - i = 100 

Epoch [15/30], Step 101, Loss: 2137.925293

2019-04-17 00:11:38,338 - Project4Group36 - INFO - i = 200 

Epoch [15/30], Step 201, Loss: 2165.114990

2019-04-17 00:12:40,168 - Project4Group36 - INFO - validating aftre epoch 14: 

test accuracy: 0.152355 Total right:  4134.0 | Total:  27134

2019-04-17 00:12:58,238 - Project4Group36 - INFO - i = 0 

Epoch [16/30], Step 1, Loss: 2047.256958

2019-04-17 00:14:26,308 - Project4Group36 - INFO - i = 100 

Epoch [16/30], Step 101, Loss: 2133.594727

2019-04-17 00:15:53,746 - Project4Group36 - INFO - i = 200 
Epoch [16/30], Step 201, Loss: 1932.578979

2019-04-17 00:16:55,468 - Project4Group36 - INFO - validating aftre epoch 15: 

test accuracy: 0.152650 Total right:  4142.0 | Total:  27134

2019-04-17 00:17:13,548 - Project4Group36 - INFO - i = 0 

Epoch [17/30], Step 1, Loss: 2090.405273

2019-04-17 00:18:41,244 - Project4Group36 - INFO - i = 100 

Epoch [17/30], Step 101, Loss: 2312.417480

2019-04-17 00:20:08,950 - Project4Group36 - INFO - i = 200 
Epoch [17/30], Step 201, Loss: 2085.017822

2019-04-17 00:21:10,814 - Project4Group36 - INFO - validating aftre epoch 16: 

test accuracy: 0.162416 Total right:  4407.0 | Total:  27134

2019-04-17 00:21:28,962 - Project4Group36 - INFO - i = 0 

Epoch [18/30], Step 1, Loss: 2079.543945

2019-04-17 00:22:56,272 - Project4Group36 - INFO - i = 100 

Epoch [18/30], Step 101, Loss: 2200.133789

2019-04-17 00:24:23,439 - Project4Group36 - INFO - i = 200 

Epoch [18/30], Step 201, Loss: 2024.048828

2019-04-17 00:25:24,912 - Project4Group36 - INFO - validating aftre epoch 17: 

test accuracy: 0.244343 Total right:  6630.0 | Total:  27134

2019-04-17 00:25:43,084 - Project4Group36 - INFO - i = 0 
Epoch [19/30], Step 1, Loss: 1777.277222

2019-04-17 00:27:10,174 - Project4Group36 - INFO - i = 100 

Epoch [19/30], Step 101, Loss: 1462.265869

2019-04-17 00:28:36,752 - Project4Group36 - INFO - i = 200 

Epoch [19/30], Step 201, Loss: 1654.789673

2019-04-17 00:29:38,236 - Project4Group36 - INFO - validating aftre epoch 18: 

test accuracy: 0.309870 Total right:  8408.0 | Total:  27134

2019-04-17 00:29:56,406 - Project4Group36 - INFO - i = 0 
Epoch [20/30], Step 1, Loss: 1548.340942

2019-04-17 00:31:23,646 - Project4Group36 - INFO - i = 100 
Epoch [20/30], Step 101, Loss: 1642.647461

2019-04-17 00:32:50,726 - Project4Group36 - INFO - i = 200 

Epoch [20/30], Step 201, Loss: 1324.656738

2019-04-17 00:33:52,486 - Project4Group36 - INFO - validating aftre epoch 19: 

test accuracy: 0.279502 Total right:  7584.0 | Total:  27134

2019-04-17 00:34:10,668 - Project4Group36 - INFO - i = 0 
Epoch [21/30], Step 1, Loss: 1339.136719

2019-04-17 00:35:38,001 - Project4Group36 - INFO - i = 100 

Epoch [21/30], Step 101, Loss: 1428.735107

2019-04-17 00:37:05,410 - Project4Group36 - INFO - i = 200 

Epoch [21/30], Step 201, Loss: 1453.566040

2019-04-17 00:38:06,863 - Project4Group36 - INFO - validating aftre epoch 20: 

test accuracy: 0.253704 Total right:  6884.0 | Total:  27134

2019-04-17 00:38:24,867 - Project4Group36 - INFO - i = 0 

Epoch [22/30], Step 1, Loss: 1390.378418

2019-04-17 00:39:52,404 - Project4Group36 - INFO - i = 100 

Epoch [22/30], Step 101, Loss: 1226.024414

2019-04-17 00:41:20,249 - Project4Group36 - INFO - i = 200 

Epoch [22/30], Step 201, Loss: 1259.562744

2019-04-17 00:42:21,416 - Project4Group36 - INFO - validating aftre epoch 21: 

test accuracy: 0.270288 Total right:  7334.0 | Total:  27134

2019-04-17 00:42:39,569 - Project4Group36 - INFO - i = 0 

Epoch [23/30], Step 1, Loss: 1300.612305

2019-04-17 00:44:07,512 - Project4Group36 - INFO - i = 100 

Epoch [23/30], Step 101, Loss: 1064.090820

2019-04-17 00:45:34,913 - Project4Group36 - INFO - i = 200 

Epoch [23/30], Step 201, Loss: 949.345337

2019-04-17 00:46:36,484 - Project4Group36 - INFO - validating aftre epoch 22: 

test accuracy: 0.221456 Total right:  6009.0 | Total:  27134

2019-04-17 00:46:54,604 - Project4Group36 - INFO - i = 0 

Epoch [24/30], Step 1, Loss: 1057.721191

2019-04-17 00:48:22,576 - Project4Group36 - INFO - i = 100 

Epoch [24/30], Step 101, Loss: 1126.034546

2019-04-17 00:49:50,628 - Project4Group36 - INFO - i = 200 

Epoch [24/30], Step 201, Loss: 838.780640

2019-04-17 00:50:52,536 - Project4Group36 - INFO - validating aftre epoch 23: 

test accuracy: 0.302462 Total right:  8207.0 | Total:  27134

2019-04-17 00:51:10,483 - Project4Group36 - INFO - i = 0 

Epoch [25/30], Step 1, Loss: 830.886597

2019-04-17 00:52:37,509 - Project4Group36 - INFO - i = 100 
Epoch [25/30], Step 101, Loss: 1086.654541

2019-04-17 00:54:04,949 - Project4Group36 - INFO - i = 200 

Epoch [25/30], Step 201, Loss: 875.552429

2019-04-17 00:55:06,271 - Project4Group36 - INFO - validating aftre epoch 24: 

test accuracy: 0.294133 Total right:  7981.0 | Total:  27134

2019-04-17 00:55:24,140 - Project4Group36 - INFO - i = 0 

Epoch [26/30], Step 1, Loss: 804.613770

2019-04-17 00:56:51,223 - Project4Group36 - INFO - i = 100 

Epoch [26/30], Step 101, Loss: 814.021912

2019-04-17 00:58:18,865 - Project4Group36 - INFO - i = 200 

Epoch [26/30], Step 201, Loss: 914.346558

2019-04-17 00:59:20,539 - Project4Group36 - INFO - validating aftre epoch 25: 

test accuracy: 0.329881 Total right:  8951.0 | Total:  27134

2019-04-17 00:59:38,501 - Project4Group36 - INFO - i = 0 

Epoch [27/30], Step 1, Loss: 799.383423

2019-04-17 01:01:05,253 - Project4Group36 - INFO - i = 100 

Epoch [27/30], Step 101, Loss: 816.901367

2019-04-17 01:02:32,338 - Project4Group36 - INFO - i = 200 

Epoch [27/30], Step 201, Loss: 808.562317

2019-04-17 01:03:33,868 - Project4Group36 - INFO - validating aftre epoch 26: 

test accuracy: 0.300361 Total right:  8150.0 | Total:  27134

2019-04-17 01:03:52,021 - Project4Group36 - INFO - i = 0 

Epoch [28/30], Step 1, Loss: 667.424133

2019-04-17 01:05:19,466 - Project4Group36 - INFO - i = 100 
Epoch [28/30], Step 101, Loss: 751.487122

2019-04-17 01:06:46,597 - Project4Group36 - INFO - i = 200 
Epoch [28/30], Step 201, Loss: 565.571411

2019-04-17 01:07:48,069 - Project4Group36 - INFO - validating aftre epoch 27: 

test accuracy: 0.344107 Total right:  9337.0 | Total:  27134

2019-04-17 01:08:06,170 - Project4Group36 - INFO - i = 0 
Epoch [29/30], Step 1, Loss: 665.314575

2019-04-17 01:09:33,883 - Project4Group36 - INFO - i = 100 

Epoch [29/30], Step 101, Loss: 755.364136

2019-04-17 01:11:01,585 - Project4Group36 - INFO - i = 200 
Epoch [29/30], Step 201, Loss: 585.107056

2019-04-17 01:12:03,565 - Project4Group36 - INFO - validating aftre epoch 28: 

test accuracy: 0.251603 Total right:  6827.0 | Total:  27134

2019-04-17 01:12:21,735 - Project4Group36 - INFO - i = 0 

Epoch [30/30], Step 1, Loss: 709.247925

2019-04-17 01:13:49,673 - Project4Group36 - INFO - i = 100 

Epoch [30/30], Step 101, Loss: 517.507324

2019-04-17 01:15:17,582 - Project4Group36 - INFO - i = 200 

Epoch [30/30], Step 201, Loss: 596.678284

2019-04-17 01:16:19,618 - Project4Group36 - INFO - validating aftre epoch 29: 

test accuracy: 0.277954 Total right:  7542.0 | Total:  27134

2019-04-17 01:16:36,871 - Project4Group36 - INFO - best_accuracy: 0.344107
